1 ]=> (breadth-first-search 8)
lst= ((7) (6) (5) (4) (3) (2) (1)) x= (8)
lst= ((6) (5) (4) (3) (2) (1) (8 8) (7 8) (6 8) (5 8) (4 8) (3 8) (2 8) (1 8)) x= (7)
lst= ((5) (4) (3) (2) (1) (8 8) (7 8) (6 8) (5 8) (4 8) (3 8) (2 8) (1 8) (8 7) (7 7) (6 7) (5 7) (4 7) (3 7) (2 7) (1 7)) x= (6)
lst= ((4) (3) (2) (1) (8 8) (7 8) (6 8) (5 8) (4 8) (3 8) (2 8) (1 8) (8 7) (7 7) (6 7) (5 7) (4 7) (3 7) (2 7) (1 7) (8 6) (7 6) (6 6) (5 6) (4 6) (3 6) (2 6) (1 6)) x= (5)
lst= ((3) (2) (1) (8 8) (7 8) (6 8) (5 8) (4 8) (3 8) (2 8) (1 8) (8 7) (7 7) (6 7) (5 7) (4 7) (3 7) (2 7) (1 7) (8 6) (7 6) (6 6) (5 6) (4 6) (3 6) (2 6) (1 6) (8 5) (7 5) (6 5) (5 5) (4 5) (3 5) (2 5) (1 5)) x= (4)
以下続く

1 ]=> (depth-first-search 8)
lst= ((7) (6) (5) (4) (3) (2) (1)) x= (8)
lst= ((7 8) (6 8) (5 8) (4 8) (3 8) (2 8) (1 8) (7) (6) (5) (4) (3) (2) (1)) x= (8 8)
lst= ((6 8) (5 8) (4 8) (3 8) (2 8) (1 8) (7) (6) (5) (4) (3) (2) (1)) x= (7 8)
lst= ((5 8) (4 8) (3 8) (2 8) (1 8) (7) (6) (5) (4) (3) (2) (1)) x= (6 8)
lst= ((7 6 8) (6 6 8) (5 6 8) (4 6 8) (3 6 8) (2 6 8) (1 6 8) (5 8) (4 8) (3 8) (2 8) (1 8) (7) (6) (5) (4) (3) (2) (1)) x= (8 6 8)
以下続く

breadth-first-search

Final cnt value: 15720                                                                                                                       
Final sum value: 51056572               

深さ優先探索

depth-first-search

Final cnt value: 15720

Final sum value: 340956